#
# There is insufficient memory for the Java Runtime Environment to continue.
# Native memory allocation (malloc) failed to allocate 784016 bytes for Chunk::new
# Possible reasons:
#   The system is out of physical RAM or swap space
#   The process is running with CompressedOops enabled, and the Java Heap may be blocking the growth of the native heap
# Possible solutions:
#   Reduce memory load on the system
#   Increase physical memory or swap space
#   Check if swap backing store is full
#   Decrease Java heap size (-Xmx/-Xms)
#   Decrease number of Java threads
#   Decrease Java thread stack sizes (-Xss)
#   Set larger code cache with -XX:ReservedCodeCacheSize=
#   JVM is running with Unscaled Compressed Oops mode in which the Java heap is
#     placed in the first 4GB address space. The Java Heap base address is the
#     maximum limit for the native heap growth. Please use -XX:HeapBaseMinAddress
#     to set the Java Heap base and to place the Java Heap above 4GB virtual address.
# This output file may be truncated or incomplete.
#
#  Out of Memory Error (allocation.cpp:389), pid=9836, tid=0x0000000000004c48
#
# JRE version: OpenJDK Runtime Environment (8.0_202-b03) (build 1.8.0_202-release-1483-b03)
# Java VM: OpenJDK 64-Bit Server VM (25.202-b03 mixed mode windows-amd64 compressed oops)
# Failed to write core dump. Minidumps are not enabled by default on client versions of Windows
#

---------------  T H R E A D  ---------------

Current thread (0x0000000018b58800):  JavaThread "C2 CompilerThread2" daemon [_thread_in_native, id=19528, stack(0x0000000019550000,0x0000000019650000)]

Stack: [0x0000000019550000,0x0000000019650000]
[error occurred during error reporting (printing stack bounds), id 0xc0000005]

Native frames: (J=compiled Java code, j=interpreted, Vv=VM code, C=native code)


Current CompileTask:
C2:  14112 8265       4       sun.reflect.generics.parser.SignatureParser::parsePackageNameAndSimpleClassTypeSignature (139 bytes)


---------------  P R O C E S S  ---------------

Java Threads: ( => current thread )
  0x0000000019db0800 JavaThread "WorkerExecutor Queue Thread 2" [_thread_blocked, id=14372, stack(0x0000000027600000,0x0000000027700000)]
  0x00000000245ec800 JavaThread "WorkerExecutor Queue" [_thread_blocked, id=20012, stack(0x00000000266b0000,0x00000000267b0000)]
  0x00000000245de000 JavaThread "Cache worker for execution history cache (D:\Navigation2\.gradle\5.4.1\executionHistory)" [_thread_blocked, id=25272, stack(0x00000000265b0000,0x00000000266b0000)]
  0x0000000019dbb000 JavaThread "Cache worker for file content cache (D:\Navigation2\.gradle\5.4.1\fileContent)" [_thread_blocked, id=26756, stack(0x00000000259b0000,0x0000000025ab0000)]
  0x0000000019db9800 JavaThread "Cache worker for file content cache (C:\Users\lg\.gradle\caches\5.4.1\fileContent)" [_thread_blocked, id=11776, stack(0x0000000025600000,0x0000000025700000)]
  0x0000000019db9000 JavaThread "Memory manager" [_thread_blocked, id=8340, stack(0x0000000025300000,0x0000000025400000)]
  0x0000000019db7800 JavaThread "Cache worker for Build Output Cleanup Cache (D:\Navigation2\.gradle\buildOutputCleanup)" [_thread_blocked, id=8080, stack(0x00000000233c0000,0x00000000234c0000)]
  0x0000000019dad000 JavaThread "Build operations Thread 8" [_thread_blocked, id=4752, stack(0x00000000232c0000,0x00000000233c0000)]
  0x0000000019db3000 JavaThread "Build operations Thread 7" [_thread_blocked, id=13612, stack(0x00000000231c0000,0x00000000232c0000)]
  0x0000000019db0000 JavaThread "Build operations Thread 6" [_thread_blocked, id=12028, stack(0x00000000230c0000,0x00000000231c0000)]
  0x0000000019daf000 JavaThread "Build operations Thread 5" [_thread_blocked, id=4448, stack(0x0000000022fc0000,0x00000000230c0000)]
  0x0000000019db3800 JavaThread "Build operations Thread 4" [_thread_blocked, id=28624, stack(0x0000000022ec0000,0x0000000022fc0000)]
  0x0000000019dad800 JavaThread "Build operations Thread 3" [_thread_blocked, id=33052, stack(0x0000000022dc0000,0x0000000022ec0000)]
  0x0000000019db1800 JavaThread "Build operations Thread 2" [_thread_blocked, id=3332, stack(0x0000000022cc0000,0x0000000022dc0000)]
  0x0000000019dae800 JavaThread "Build operations" [_thread_blocked, id=31076, stack(0x0000000022bc0000,0x0000000022cc0000)]
  0x0000000019db2000 JavaThread "Cache worker for execution history cache (C:\Users\lg\.gradle\caches\5.4.1\executionHistory)" [_thread_blocked, id=14436, stack(0x0000000022570000,0x0000000022670000)]
  0x0000000019d00800 JavaThread "Cache worker for cache directory md-rule (C:\Users\lg\.gradle\caches\5.4.1\md-rule)" [_thread_blocked, id=9932, stack(0x0000000022470000,0x0000000022570000)]
  0x0000000019d00000 JavaThread "Cache worker for cache directory md-supplier (C:\Users\lg\.gradle\caches\5.4.1\md-supplier)" [_thread_blocked, id=15692, stack(0x0000000022370000,0x0000000022470000)]
  0x0000000019cfa800 JavaThread "Cache worker for file hash cache (D:\Navigation2\.gradle\5.4.1\fileHashes)" [_thread_blocked, id=13016, stack(0x000000001f770000,0x000000001f870000)]
  0x0000000019cfd000 JavaThread "Cache worker for journal cache (C:\Users\lg\.gradle\caches\journal-1)" [_thread_blocked, id=9164, stack(0x000000001c500000,0x000000001c600000)]
  0x0000000019cfc000 JavaThread "File lock request listener" [_thread_in_native, id=15888, stack(0x000000001c400000,0x000000001c500000)]
  0x000000001a858800 JavaThread "Cache worker for file hash cache (C:\Users\lg\.gradle\caches\5.4.1\fileHashes)" [_thread_blocked, id=33680, stack(0x000000001c100000,0x000000001c200000)]
  0x0000000018e54000 JavaThread "Thread-9" [_thread_blocked, id=14236, stack(0x000000001c000000,0x000000001c100000)]
  0x0000000018e53800 JavaThread "Stdin handler" [_thread_blocked, id=24216, stack(0x000000001bf00000,0x000000001c000000)]
  0x0000000018e52800 JavaThread "Asynchronous log dispatcher for DefaultDaemonConnection: socket connection from /127.0.0.1:58234 to /127.0.0.1:58235" [_thread_blocked, id=9420, stack(0x000000001bd00000,0x000000001be00000)]
  0x000000001abe6800 JavaThread "Daemon worker" [_thread_in_vm, id=2692, stack(0x000000001bc00000,0x000000001bd00000)]
  0x000000001adce000 JavaThread "Cancel handler" [_thread_blocked, id=4872, stack(0x000000001bb00000,0x000000001bc00000)]
  0x0000000019a0e000 JavaThread "Handler for socket connection from /127.0.0.1:58234 to /127.0.0.1:58235" [_thread_in_native, id=2908, stack(0x000000001b800000,0x000000001b900000)]
  0x0000000019a08000 JavaThread "Daemon" [_thread_blocked, id=23620, stack(0x000000001b700000,0x000000001b800000)]
  0x0000000018c45800 JavaThread "Daemon periodic checks" [_thread_blocked, id=11624, stack(0x000000001b600000,0x000000001b700000)]
  0x0000000018c44800 JavaThread "Incoming local TCP Connector on port 58234" [_thread_in_native, id=22924, stack(0x000000001b420000,0x000000001b520000)]
  0x000000001ad1f000 JavaThread "Daemon health stats" [_thread_blocked, id=4364, stack(0x000000001b120000,0x000000001b220000)]
  0x0000000018be7000 JavaThread "Service Thread" daemon [_thread_blocked, id=14456, stack(0x0000000019750000,0x0000000019850000)]
  0x0000000018b5b000 JavaThread "C1 CompilerThread3" daemon [_thread_blocked, id=18832, stack(0x0000000019650000,0x0000000019750000)]
=>0x0000000018b58800 JavaThread "C2 CompilerThread2" daemon [_thread_in_native, id=19528, stack(0x0000000019550000,0x0000000019650000)]
  0x0000000018b57800 JavaThread "C2 CompilerThread1" daemon [_thread_in_native, id=11784, stack(0x0000000019450000,0x0000000019550000)]
  0x0000000018b53000 JavaThread "C2 CompilerThread0" daemon [_thread_in_native, id=1932, stack(0x0000000019350000,0x0000000019450000)]
  0x0000000018aff000 JavaThread "Attach Listener" daemon [_thread_blocked, id=19856, stack(0x0000000019250000,0x0000000019350000)]
  0x0000000018afe000 JavaThread "Signal Dispatcher" daemon [_thread_blocked, id=7892, stack(0x0000000019150000,0x0000000019250000)]
  0x0000000002f2b800 JavaThread "Finalizer" daemon [_thread_blocked, id=26104, stack(0x0000000018fc0000,0x00000000190c0000)]
  0x0000000018ae0800 JavaThread "Reference Handler" daemon [_thread_blocked, id=13936, stack(0x0000000018ec0000,0x0000000018fc0000)]
  0x0000000002e2d800 JavaThread "main" [_thread_blocked, id=26132, stack(0x0000000002cc0000,0x0000000002dc0000)]

Other Threads:
  0x0000000016ce9000 VMThread [stack: 0x00000000189c0000,0x0000000018ac0000] [id=22256]
  0x0000000018bef800 WatcherThread [stack: 0x0000000019850000,0x0000000019950000] [id=13316]

VM state:not at safepoint (normal execution)

VM Mutex/Monitor currently owned by a thread: None

heap address: 0x00000000a0000000, size: 1536 MB, Compressed Oops mode: 32-bit
Narrow klass base: 0x0000000000000000, Narrow klass shift: 3
Compressed class space size: 1073741824 Address: 0x0000000100000000

Heap:
 PSYoungGen      total 195072K, used 61310K [0x00000000e0000000, 0x00000000ef400000, 0x0000000100000000)
  eden space 176128K, 26% used [0x00000000e0000000,0x00000000e2db83d8,0x00000000eac00000)
  from space 18944K, 76% used [0x00000000eac00000,0x00000000eba27498,0x00000000ebe80000)
  to   space 18432K, 0% used [0x00000000ebe80000,0x00000000ebe80000,0x00000000ed080000)
 ParOldGen       total 82432K, used 28725K [0x00000000a0000000, 0x00000000a5080000, 0x00000000e0000000)
  object space 82432K, 34% used [0x00000000a0000000,0x00000000a1c0d7b0,0x00000000a5080000)
 Metaspace       used 67877K, capacity 71118K, committed 71424K, reserved 1110016K
  class space    used 9512K, capacity 10116K, committed 10240K, reserved 1048576K

Card table byte_map: [0x00000000122f0000,0x0000000012600000] byte_map_base: 0x0000000011df0000

Marking Bits: (ParMarkBitMap*) 0x0000000076969f30
 Begin Bits: [0x0000000013000000, 0x0000000014800000)
 End Bits:   [0x0000000014800000, 0x0000000016000000)

Polling page: 0x0000000000b50000

CodeCache: size=245760Kb used=22524Kb max_used=22524Kb free=223235Kb
 bounds [0x0000000002f30000, 0x0000000004550000, 0x0000000011f30000]
 total_blobs=8143 nmethods=7329 adapters=726
 compilation: enabled

Compilation events (10 events):
Event: 14.090 Thread 0x0000000018b5b000 8362       3       com.android.builder.core.VariantTypeImpl::isTestComponent (23 bytes)
Event: 14.090 Thread 0x0000000018b5b000 nmethod 8362 0x00000000045402d0 code [0x0000000004540440, 0x00000000045406d0]
Event: 14.090 Thread 0x0000000018b5b000 8361       3       org.gradle.api.internal.tasks.DefaultTaskOutputs::visitRegisteredProperties (61 bytes)
Event: 14.091 Thread 0x0000000018b5b000 nmethod 8361 0x0000000004540750 code [0x0000000004540940, 0x0000000004541218]
Event: 14.091 Thread 0x0000000018b5b000 8360       3       org.gradle.api.internal.tasks.TaskPropertyUtils$StrictErrorsOnlyContext::<init> (10 bytes)
Event: 14.091 Thread 0x0000000018b5b000 nmethod 8360 0x0000000004541510 code [0x0000000004541660, 0x0000000004541830]
Event: 14.096 Thread 0x0000000018b5b000 8363       1       com.android.build.gradle.internal.scope.BuildArtifactsHolder$ArtifactRecord::getLastProducer (5 bytes)
Event: 14.097 Thread 0x0000000018b5b000 nmethod 8363 0x00000000045418d0 code [0x0000000004541a20, 0x0000000004541b30]
Event: 14.099 Thread 0x0000000018b5b000 8364       3       sun.reflect.annotation.AnnotationParser::parseStringArray (85 bytes)
Event: 14.100 Thread 0x0000000018b5b000 nmethod 8364 0x0000000004541b90 code [0x0000000004541de0, 0x0000000004542c58]

GC Heap History (10 events):
Event: 8.038 GC heap before
{Heap before GC invocations=12 (full 2):
 PSYoungGen      total 119296K, used 108544K [0x00000000e0000000, 0x00000000eb000000, 0x0000000100000000)
  eden space 108544K, 100% used [0x00000000e0000000,0x00000000e6a00000,0x00000000e6a00000)
  from space 10752K, 0% used [0x00000000e6a00000,0x00000000e6a00000,0x00000000e7480000)
  to   space 11776K, 0% used [0x00000000ea480000,0x00000000ea480000,0x00000000eb000000)
 ParOldGen       total 82432K, used 17423K [0x00000000a0000000, 0x00000000a5080000, 0x00000000e0000000)
  object space 82432K, 21% used [0x00000000a0000000,0x00000000a1103df0,0x00000000a5080000)
 Metaspace       used 45389K, capacity 46422K, committed 46720K, reserved 1089536K
  class space    used 6116K, capacity 6418K, committed 6528K, reserved 1048576K
Event: 8.050 GC heap after
Heap after GC invocations=12 (full 2):
 PSYoungGen      total 151040K, used 11766K [0x00000000e0000000, 0x00000000eb000000, 0x0000000100000000)
  eden space 139264K, 0% used [0x00000000e0000000,0x00000000e0000000,0x00000000e8800000)
  from space 11776K, 99% used [0x00000000ea480000,0x00000000eaffd938,0x00000000eb000000)
  to   space 13824K, 0% used [0x00000000e9500000,0x00000000e9500000,0x00000000ea280000)
 ParOldGen       total 82432K, used 20435K [0x00000000a0000000, 0x00000000a5080000, 0x00000000e0000000)
  object space 82432K, 24% used [0x00000000a0000000,0x00000000a13f4f10,0x00000000a5080000)
 Metaspace       used 45389K, capacity 46422K, committed 46720K, reserved 1089536K
  class space    used 6116K, capacity 6418K, committed 6528K, reserved 1048576K
}
Event: 9.684 GC heap before
{Heap before GC invocations=13 (full 2):
 PSYoungGen      total 151040K, used 151030K [0x00000000e0000000, 0x00000000eb000000, 0x0000000100000000)
  eden space 139264K, 100% used [0x00000000e0000000,0x00000000e8800000,0x00000000e8800000)
  from space 11776K, 99% used [0x00000000ea480000,0x00000000eaffd938,0x00000000eb000000)
  to   space 13824K, 0% used [0x00000000e9500000,0x00000000e9500000,0x00000000ea280000)
 ParOldGen       total 82432K, used 20435K [0x00000000a0000000, 0x00000000a5080000, 0x00000000e0000000)
  object space 82432K, 24% used [0x00000000a0000000,0x00000000a13f4f10,0x00000000a5080000)
 Metaspace       used 56818K, capacity 58402K, committed 58624K, reserved 1099776K
  class space    used 7724K, capacity 8100K, committed 8192K, reserved 1048576K
Event: 9.701 GC heap after
Heap after GC invocations=13 (full 2):
 PSYoungGen      total 166400K, used 13799K [0x00000000e0000000, 0x00000000ed080000, 0x0000000100000000)
  eden space 152576K, 0% used [0x00000000e0000000,0x00000000e0000000,0x00000000e9500000)
  from space 13824K, 99% used [0x00000000e9500000,0x00000000ea279f98,0x00000000ea280000)
  to   space 18432K, 0% used [0x00000000ebe80000,0x00000000ebe80000,0x00000000ed080000)
 ParOldGen       total 82432K, used 28601K [0x00000000a0000000, 0x00000000a5080000, 0x00000000e0000000)
  object space 82432K, 34% used [0x00000000a0000000,0x00000000a1bee410,0x00000000a5080000)
 Metaspace       used 56818K, capacity 58402K, committed 58624K, reserved 1099776K
  class space    used 7724K, capacity 8100K, committed 8192K, reserved 1048576K
}
Event: 9.780 GC heap before
{Heap before GC invocations=14 (full 2):
 PSYoungGen      total 166400K, used 22537K [0x00000000e0000000, 0x00000000ed080000, 0x0000000100000000)
  eden space 152576K, 5% used [0x00000000e0000000,0x00000000e08885a8,0x00000000e9500000)
  from space 13824K, 99% used [0x00000000e9500000,0x00000000ea279f98,0x00000000ea280000)
  to   space 18432K, 0% used [0x00000000ebe80000,0x00000000ebe80000,0x00000000ed080000)
 ParOldGen       total 82432K, used 28601K [0x00000000a0000000, 0x00000000a5080000, 0x00000000e0000000)
  object space 82432K, 34% used [0x00000000a0000000,0x00000000a1bee410,0x00000000a5080000)
 Metaspace       used 57314K, capacity 58922K, committed 59096K, reserved 1099776K
  class space    used 7789K, capacity 8196K, committed 8320K, reserved 1048576K
Event: 9.787 GC heap after
Heap after GC invocations=14 (full 2):
 PSYoungGen      total 194560K, used 1089K [0x00000000e0000000, 0x00000000ef400000, 0x0000000100000000)
  eden space 176128K, 0% used [0x00000000e0000000,0x00000000e0000000,0x00000000eac00000)
  from space 18432K, 5% used [0x00000000ebe80000,0x00000000ebf905b0,0x00000000ed080000)
  to   space 18944K, 0% used [0x00000000eac00000,0x00000000eac00000,0x00000000ebe80000)
 ParOldGen       total 82432K, used 34620K [0x00000000a0000000, 0x00000000a5080000, 0x00000000e0000000)
  object space 82432K, 41% used [0x00000000a0000000,0x00000000a21cf320,0x00000000a5080000)
 Metaspace       used 57314K, capacity 58922K, committed 59096K, reserved 1099776K
  class space    used 7789K, capacity 8196K, committed 8320K, reserved 1048576K
}
Event: 9.787 GC heap before
{Heap before GC invocations=15 (full 3):
 PSYoungGen      total 194560K, used 1089K [0x00000000e0000000, 0x00000000ef400000, 0x0000000100000000)
  eden space 176128K, 0% used [0x00000000e0000000,0x00000000e0000000,0x00000000eac00000)
  from space 18432K, 5% used [0x00000000ebe80000,0x00000000ebf905b0,0x00000000ed080000)
  to   space 18944K, 0% used [0x00000000eac00000,0x00000000eac00000,0x00000000ebe80000)
 ParOldGen       total 82432K, used 34620K [0x00000000a0000000, 0x00000000a5080000, 0x00000000e0000000)
  object space 82432K, 41% used [0x00000000a0000000,0x00000000a21cf320,0x00000000a5080000)
 Metaspace       used 57314K, capacity 58922K, committed 59096K, reserved 1099776K
  class space    used 7789K, capacity 8196K, committed 8320K, reserved 1048576K
Event: 10.039 GC heap after
Heap after GC invocations=15 (full 3):
 PSYoungGen      total 194560K, used 0K [0x00000000e0000000, 0x00000000ef400000, 0x0000000100000000)
  eden space 176128K, 0% used [0x00000000e0000000,0x00000000e0000000,0x00000000eac00000)
  from space 18432K, 0% used [0x00000000ebe80000,0x00000000ebe80000,0x00000000ed080000)
  to   space 18944K, 0% used [0x00000000eac00000,0x00000000eac00000,0x00000000ebe80000)
 ParOldGen       total 82432K, used 28717K [0x00000000a0000000, 0x00000000a5080000, 0x00000000e0000000)
  object space 82432K, 34% used [0x00000000a0000000,0x00000000a1c0b7b0,0x00000000a5080000)
 Metaspace       used 57314K, capacity 58922K, committed 59096K, reserved 1099776K
  class space    used 7789K, capacity 8196K, committed 8320K, reserved 1048576K
}
Event: 13.430 GC heap before
{Heap before GC invocations=16 (full 3):
 PSYoungGen      total 194560K, used 176128K [0x00000000e0000000, 0x00000000ef400000, 0x0000000100000000)
  eden space 176128K, 100% used [0x00000000e0000000,0x00000000eac00000,0x00000000eac00000)
  from space 18432K, 0% used [0x00000000ebe80000,0x00000000ebe80000,0x00000000ed080000)
  to   space 18944K, 0% used [0x00000000eac00000,0x00000000eac00000,0x00000000ebe80000)
 ParOldGen       total 82432K, used 28717K [0x00000000a0000000, 0x00000000a5080000, 0x00000000e0000000)
  object space 82432K, 34% used [0x00000000a0000000,0x00000000a1c0b7b0,0x00000000a5080000)
 Metaspace       used 65398K, capacity 68362K, committed 68608K, reserved 1107968K
  class space    used 9101K, capacity 9678K, committed 9728K, reserved 1048576K
Event: 13.446 GC heap after
Heap after GC invocations=16 (full 3):
 PSYoungGen      total 195072K, used 14493K [0x00000000e0000000, 0x00000000ef400000, 0x0000000100000000)
  eden space 176128K, 0% used [0x00000000e0000000,0x00000000e0000000,0x00000000eac00000)
  from space 18944K, 76% used [0x00000000eac00000,0x00000000eba27498,0x00000000ebe80000)
  to   space 18432K, 0% used [0x00000000ebe80000,0x00000000ebe80000,0x00000000ed080000)
 ParOldGen       total 82432K, used 28725K [0x00000000a0000000, 0x00000000a5080000, 0x00000000e0000000)
  object space 82432K, 34% used [0x00000000a0000000,0x00000000a1c0d7b0,0x00000000a5080000)
 Metaspace       used 65398K, capacity 68362K, committed 68608K, reserved 1107968K
  class space    used 9101K, capacity 9678K, committed 9728K, reserved 1048576K
}

Deoptimization events (10 events):
Event: 13.797 Thread 0x00000000245ec800 Uncommon trap: reason=unstable_if action=reinterpret pc=0x00000000039a1fd0 method=java.nio.Bits.getInt(Ljava/nio/ByteBuffer;IZ)I @ 1
Event: 13.850 Thread 0x00000000245e1000 Uncommon trap: reason=bimorphic action=maybe_recompile pc=0x000000000449868c method=java.util.stream.AbstractPipeline.copyIntoWithCancel(Ljava/util/stream/Sink;Ljava/util/Spliterator;)V @ 19
Event: 13.850 Thread 0x00000000245e1000 Uncommon trap: reason=bimorphic action=maybe_recompile pc=0x00000000030de88c method=java.util.stream.MatchOps$1MatchSink.accept(Ljava/lang/Object;)V @ 12
Event: 13.851 Thread 0x0000000018e54000 Uncommon trap: reason=unstable_if action=reinterpret pc=0x0000000004276784 method=com.esotericsoftware.kryo.io.Output.writeBytes([BII)V @ 61
Event: 13.852 Thread 0x0000000018e54000 Uncommon trap: reason=unstable_if action=reinterpret pc=0x00000000041a25a4 method=com.esotericsoftware.kryo.io.Output.writeBytes([BII)V @ 61
Event: 13.958 Thread 0x000000001abe6800 Uncommon trap: reason=bimorphic action=maybe_recompile pc=0x000000000449868c method=java.util.stream.AbstractPipeline.copyIntoWithCancel(Ljava/util/stream/Sink;Ljava/util/Spliterator;)V @ 19
Event: 13.960 Thread 0x000000001abe6800 Uncommon trap: reason=bimorphic action=maybe_recompile pc=0x000000000449868c method=java.util.stream.AbstractPipeline.copyIntoWithCancel(Ljava/util/stream/Sink;Ljava/util/Spliterator;)V @ 19
Event: 13.963 Thread 0x000000001abe6800 Uncommon trap: reason=bimorphic action=maybe_recompile pc=0x00000000044ad234 method=java.util.stream.AbstractPipeline.copyIntoWithCancel(Ljava/util/stream/Sink;Ljava/util/Spliterator;)V @ 19
Event: 14.089 Thread 0x000000001abe6800 Uncommon trap: reason=class_check action=maybe_recompile pc=0x0000000003207ee0 method=java.util.Spliterators$ArraySpliterator.tryAdvance(Ljava/util/function/Consumer;)Z @ 49
Event: 14.104 Thread 0x000000001abe6800 Uncommon trap: reason=class_check action=maybe_recompile pc=0x0000000003207ee0 method=java.util.Spliterators$ArraySpliterator.tryAdvance(Ljava/util/function/Consumer;)Z @ 49

Classes redefined (0 events):
No events

Internal exceptions (10 events):
Event: 12.871 Thread 0x00000000245e8000 Implicit null exception at 0x00000000038f472f to 0x00000000038f482d
Event: 12.871 Thread 0x00000000245ed000 Implicit null exception at 0x00000000038f472f to 0x00000000038f482d
Event: 12.871 Thread 0x00000000245e8800 Implicit null exception at 0x00000000038f472f to 0x00000000038f482d
Event: 13.219 Thread 0x00000000245e6800 Exception <a 'sun/nio/fs/WindowsException'> (0x00000000ea8778d8) thrown at [D:\src\AOSP-openjdk-cygwin\jdk8u\hotspot\src\share\vm\prims\jni.cpp, line 710]
Event: 13.427 Thread 0x00000000245e1000 Exception <a 'java/lang/NoSuchMethodError': <clinit>> (0x00000000eab9c550) thrown at [D:\src\AOSP-openjdk-cygwin\jdk8u\hotspot\src\share\vm\prims\jni.cpp, line 1614]
Event: 13.427 Thread 0x00000000245e1000 Exception <a 'java/lang/NoSuchMethodError': <clinit>> (0x00000000eaba0160) thrown at [D:\src\AOSP-openjdk-cygwin\jdk8u\hotspot\src\share\vm\prims\jni.cpp, line 1614]
Event: 13.429 Thread 0x00000000245e1000 Exception <a 'java/lang/NoSuchMethodError': <clinit>> (0x00000000eabd4168) thrown at [D:\src\AOSP-openjdk-cygwin\jdk8u\hotspot\src\share\vm\prims\jni.cpp, line 1614]
Event: 13.448 Thread 0x00000000245e1000 Exception <a 'java/lang/NoSuchMethodError': <clinit>> (0x00000000e0036e90) thrown at [D:\src\AOSP-openjdk-cygwin\jdk8u\hotspot\src\share\vm\prims\jni.cpp, line 1614]
Event: 13.481 Thread 0x00000000245ec800 Exception <a 'java/lang/NoSuchMethodError': java.lang.Object.newSystemTemporaryDirectory()Lcom/android/tools/build/apkzlib/bytestorage/TemporaryDirectory;> (0x00000000e048a340) thrown at [D:\src\AOSP-openjdk-cygwin\jdk8u\hotspot\src\share\vm\interpreter\l
Event: 13.608 Thread 0x00000000245ec800 Exception <a 'java/lang/NoSuchMethodError': java.lang.Object.lambda$static$0(Lcom/android/apksig/util/RunnablesProvider;)V> (0x00000000e0946cd8) thrown at [D:\src\AOSP-openjdk-cygwin\jdk8u\hotspot\src\share\vm\interpreter\linkResolver.cpp, line 620]

Events (10 events):
Event: 14.089 Thread 0x000000001abe6800 DEOPT UNPACKING pc=0x0000000002f7557b sp=0x000000001bcf9d78 mode 2
Event: 14.091 loading class com/android/build/gradle/internal/tasks/PackageBundleTask$BundleFlags
Event: 14.091 loading class com/android/build/gradle/internal/tasks/PackageBundleTask$BundleFlags done
Event: 14.091 loading class com/android/build/gradle/internal/tasks/PackageBundleTask$BundleOptions
Event: 14.091 loading class com/android/build/gradle/internal/tasks/PackageBundleTask$BundleOptions done
Event: 14.096 loading class com/android/build/gradle/internal/tasks/PackageBundleTaskKt
Event: 14.096 loading class com/android/build/gradle/internal/tasks/PackageBundleTaskKt done
Event: 14.104 Thread 0x000000001abe6800 Uncommon trap: trap_request=0xffffffde fr.pc=0x0000000003207ee0
Event: 14.104 Thread 0x000000001abe6800 DEOPT PACKING pc=0x0000000003207ee0 sp=0x000000001bcf9de0
Event: 14.104 Thread 0x000000001abe6800 DEOPT UNPACKING pc=0x0000000002f7557b sp=0x000000001bcf9d78 mode 2


Dynamic libraries:
0x00007ff72da00000 - 0x00007ff72da31000 	D:\programme files\Android\jre\bin\java.exe
0x00007ffd762a0000 - 0x00007ffd7648d000 	C:\WINDOWS\SYSTEM32\ntdll.dll
0x00007ffd74c40000 - 0x00007ffd74cf3000 	C:\WINDOWS\System32\KERNEL32.DLL
0x00007ffd72880000 - 0x00007ffd72b13000 	C:\WINDOWS\System32\KERNELBASE.dll
0x00007ffd73f50000 - 0x00007ffd73ff3000 	C:\WINDOWS\System32\ADVAPI32.dll
0x00007ffd74000000 - 0x00007ffd7409e000 	C:\WINDOWS\System32\msvcrt.dll
0x00007ffd74860000 - 0x00007ffd748fe000 	C:\WINDOWS\System32\sechost.dll
0x00007ffd749d0000 - 0x00007ffd74af2000 	C:\WINDOWS\System32\RPCRT4.dll
0x00007ffd73c40000 - 0x00007ffd73dd7000 	C:\WINDOWS\System32\USER32.dll
0x00007ffd72ba0000 - 0x00007ffd72bc0000 	C:\WINDOWS\System32\win32u.dll
0x00007ffd740a0000 - 0x00007ffd740c9000 	C:\WINDOWS\System32\GDI32.dll
0x00007ffd72460000 - 0x00007ffd725f9000 	C:\WINDOWS\System32\gdi32full.dll
0x00007ffd72600000 - 0x00007ffd726a0000 	C:\WINDOWS\System32\msvcp_win.dll
0x00007ffd72bc0000 - 0x00007ffd72cba000 	C:\WINDOWS\System32\ucrtbase.dll
0x00007ffd62a00000 - 0x00007ffd62c79000 	C:\WINDOWS\WinSxS\amd64_microsoft.windows.common-controls_6595b64144ccf1df_6.0.17763.802_none_05b1445c0722d2cc\COMCTL32.dll
0x00007ffd743c0000 - 0x00007ffd746ec000 	C:\WINDOWS\System32\combase.dll
0x00007ffd72b20000 - 0x00007ffd72b9e000 	C:\WINDOWS\System32\bcryptPrimitives.dll
0x00007ffd73b00000 - 0x00007ffd73b2e000 	C:\WINDOWS\System32\IMM32.DLL
0x00000000760a0000 - 0x0000000076172000 	D:\programme files\Android\jre\jre\bin\msvcr100.dll
0x00000000761a0000 - 0x00000000769e6000 	D:\programme files\Android\jre\jre\bin\server\jvm.dll
0x00007ffd746f0000 - 0x00007ffd746f8000 	C:\WINDOWS\System32\PSAPI.DLL
0x00007ffd69290000 - 0x00007ffd69299000 	C:\WINDOWS\SYSTEM32\WSOCK32.dll
0x00007ffd74d00000 - 0x00007ffd74d6d000 	C:\WINDOWS\System32\WS2_32.dll
0x00007ffd6a530000 - 0x00007ffd6a554000 	C:\WINDOWS\SYSTEM32\WINMM.dll
0x00007ffd62c90000 - 0x00007ffd62c9a000 	C:\WINDOWS\SYSTEM32\VERSION.dll
0x00007ffd69ec0000 - 0x00007ffd69eed000 	C:\WINDOWS\SYSTEM32\WINMMBASE.dll
0x00007ffd72410000 - 0x00007ffd7245a000 	C:\WINDOWS\System32\cfgmgr32.dll
0x00007ffd6e300000 - 0x00007ffd6e30f000 	D:\programme files\Android\jre\jre\bin\verify.dll
0x00007ffd6d020000 - 0x00007ffd6d049000 	D:\programme files\Android\jre\jre\bin\java.dll
0x00007ffd6d000000 - 0x00007ffd6d016000 	D:\programme files\Android\jre\jre\bin\zip.dll
0x00007ffd74d70000 - 0x00007ffd76264000 	C:\WINDOWS\System32\SHELL32.dll
0x00007ffd740e0000 - 0x00007ffd74188000 	C:\WINDOWS\System32\shcore.dll
0x00007ffd72cc0000 - 0x00007ffd7340d000 	C:\WINDOWS\System32\windows.storage.dll
0x00007ffd722b0000 - 0x00007ffd722d4000 	C:\WINDOWS\System32\profapi.dll
0x00007ffd72300000 - 0x00007ffd7235d000 	C:\WINDOWS\System32\powrprof.dll
0x00007ffd74be0000 - 0x00007ffd74c32000 	C:\WINDOWS\System32\shlwapi.dll
0x00007ffd72290000 - 0x00007ffd722a1000 	C:\WINDOWS\System32\kernel.appcore.dll
0x00007ffd73410000 - 0x00007ffd73427000 	C:\WINDOWS\System32\cryptsp.dll
0x00007ffd6cfe0000 - 0x00007ffd6cffa000 	D:\programme files\Android\jre\jre\bin\net.dll
0x00007ffd71b00000 - 0x00007ffd71b67000 	C:\WINDOWS\system32\mswsock.dll
0x00007ffd6cc30000 - 0x00007ffd6cc41000 	D:\programme files\Android\jre\jre\bin\nio.dll
0x00007ffd60e10000 - 0x00007ffd60e36000 	C:\Users\lg\.gradle\native\29\windows-amd64\native-platform.dll
0x00007ffd6e0c0000 - 0x00007ffd6e0cd000 	D:\programme files\Android\jre\jre\bin\management.dll
0x00007ffd71680000 - 0x00007ffd716b3000 	C:\WINDOWS\system32\rsaenh.dll
0x00007ffd73490000 - 0x00007ffd734b6000 	C:\WINDOWS\System32\bcrypt.dll
0x00007ffd72190000 - 0x00007ffd721b8000 	C:\WINDOWS\SYSTEM32\USERENV.dll
0x00007ffd71cd0000 - 0x00007ffd71cdc000 	C:\WINDOWS\SYSTEM32\CRYPTBASE.dll
0x00007ffd71820000 - 0x00007ffd7185d000 	C:\WINDOWS\SYSTEM32\IPHLPAPI.DLL
0x00007ffd740d0000 - 0x00007ffd740d8000 	C:\WINDOWS\System32\NSI.dll
0x00007ffd6a620000 - 0x00007ffd6a636000 	C:\WINDOWS\SYSTEM32\dhcpcsvc6.DLL
0x00007ffd6bc80000 - 0x00007ffd6bc9c000 	C:\WINDOWS\SYSTEM32\dhcpcsvc.DLL
0x00007ffd71860000 - 0x00007ffd71926000 	C:\WINDOWS\SYSTEM32\DNSAPI.dll

VM Arguments:
jvm_args: -Xmx1536m -Dfile.encoding=x-windows-949 -Duser.country=KR -Duser.language=ko -Duser.variant 
java_command: org.gradle.launcher.daemon.bootstrap.GradleDaemon 5.4.1
java_class_path (initial): C:\Users\lg\.gradle\wrapper\dists\gradle-5.4.1-all\3221gyojl5jsh0helicew7rwx\gradle-5.4.1\lib\gradle-launcher-5.4.1.jar
Launcher Type: SUN_STANDARD

Environment Variables:
PATH=C:\Program Files (x86)\Common Files\Oracle\Java\javapath;C:\Program Files (x86)\Intel\iCLS Client\;C:\Program Files\Intel\iCLS Client\;C:\WINDOWS\system32;C:\WINDOWS;C:\WINDOWS\System32\Wbem;C:\WINDOWS\System32\WindowsPowerShell\v1.0\;C:\Program Files (x86)\Intel\Intel(R) Management Engine Components\DAL;C:\Program Files\Intel\Intel(R) Management Engine Components\DAL;C:\Program Files (x86)\Intel\Intel(R) Management Engine Components\IPT;C:\Program Files\Intel\Intel(R) Management Engine Components\IPT;C:\WINDOWS\System32\OpenSSH\;C:\Program Files (x86)\Microsoft SQL Server\150\DTS\Binn\;C:\Program Files\Microsoft SQL Server\Client SDK\ODBC\130\Tools\Binn\;C:\Program Files (x86)\Microsoft SQL Server\130\Tools\Binn\;C:\Program Files\Microsoft SQL Server\130\Tools\Binn\;C:\Program Files\Microsoft SQL Server\130\DTS\Binn\;C:\Program Files\nodejs\;C:\Users\lg\.windows-build-tools\python27\;C:\Users\lg\AppData\Local\Microsoft\WindowsApps;C:\Users\lg\AppData\Roaming\npm
USERNAME=lg
OS=Windows_NT
PROCESSOR_IDENTIFIER=Intel64 Family 6 Model 142 Stepping 10, GenuineIntel



---------------  S Y S T E M  ---------------

OS: Windows 10.0 , 64 bit Build 17763 (10.0.17763.475)

CPU:total 8 (initial active 8) (4 cores per cpu, 2 threads per core) family 6 model 142 stepping 10, cmov, cx8, fxsr, mmx, sse, sse2, sse3, ssse3, sse4.1, sse4.2, popcnt, avx, avx2, aes, clmul, erms, 3dnowpref, lzcnt, ht, tsc, tscinvbit, bmi1, bmi2, adx

Memory: 4k page, physical 8021784k(646428k free), swap 21730964k(5936k free)

vm_info: OpenJDK 64-Bit Server VM (25.202-b03) for windows-amd64 JRE (1.8.0_202-release-1483-b03), built by "builder" with MS VC++ 10.0 (VS2010)

time: Sun Nov 10 23:21:57 2019
timezone: 대한민국 표준시
elapsed time: 14 seconds (0d 0h 0m 14s)

